\BOOKMARK [1][-]{section.1}{\376\377\000I\000n\000t\000r\000o\000d\000u\000c\000t\000i\000o\000n}{}% 1
\BOOKMARK [1][-]{section.2}{\376\377\000L\000i\000t\000e\000r\000a\000t\000u\000r\000e\000\040\000R\000e\000v\000i\000e\000w}{}% 2
\BOOKMARK [1][-]{section.3}{\376\377\000M\000e\000t\000h\000o\000d\000o\000l\000o\000g\000y}{}% 3
\BOOKMARK [2][-]{subsection.3.1}{\376\377\000M\000o\000d\000e\000l\000\040\000O\000v\000e\000r\000v\000i\000e\000w}{section.3}% 4
\BOOKMARK [2][-]{subsection.3.2}{\376\377\000D\000e\000t\000a\000i\000l\000e\000d\000\040\000A\000r\000c\000h\000i\000t\000e\000c\000t\000u\000r\000e}{section.3}% 5
\BOOKMARK [3][-]{subsubsection.3.2.1}{\376\377\000I\000n\000p\000u\000t\000\040\000P\000r\000o\000c\000e\000s\000s\000i\000n\000g\000\040\000a\000n\000d\000\040\000F\000e\000a\000t\000u\000r\000e\000\040\000E\000x\000t\000r\000a\000c\000t\000i\000o\000n}{subsection.3.2}% 6
\BOOKMARK [3][-]{subsubsection.3.2.2}{\376\377\000A\000d\000a\000p\000t\000i\000v\000e\000\040\000G\000r\000a\000p\000h\000\040\000A\000t\000t\000e\000n\000t\000i\000o\000n\000\040\000M\000o\000d\000u\000l\000e\000\040\000\050\000A\000G\000A\000M\000\051}{subsection.3.2}% 7
\BOOKMARK [3][-]{subsubsection.3.2.3}{\376\377\000M\000u\000l\000t\000i\000-\000s\000c\000a\000l\000e\000\040\000T\000e\000m\000p\000o\000r\000a\000l\000\040\000F\000u\000s\000i\000o\000n\000\040\000M\000o\000d\000u\000l\000e\000\040\000\050\000M\000T\000F\000M\000\051}{subsection.3.2}% 8
\BOOKMARK [3][-]{subsubsection.3.2.4}{\376\377\000P\000r\000o\000g\000r\000e\000s\000s\000i\000v\000e\000\040\000P\000r\000e\000d\000i\000c\000t\000i\000o\000n\000\040\000a\000n\000d\000\040\000R\000e\000f\000i\000n\000e\000m\000e\000n\000t\000\040\000M\000o\000d\000u\000l\000e\000\040\000\050\000P\000P\000R\000M\000\051}{subsection.3.2}% 9
\BOOKMARK [2][-]{subsection.3.3}{\376\377\000M\000o\000d\000e\000l\000\040\000I\000n\000n\000o\000v\000a\000t\000i\000o\000n\000\040\000a\000n\000d\000\040\000T\000e\000c\000h\000n\000i\000c\000a\000l\000\040\000C\000o\000n\000t\000r\000i\000b\000u\000t\000i\000o\000n\000s}{section.3}% 10
\BOOKMARK [3][-]{subsubsection.3.3.1}{\376\377\000N\000o\000v\000e\000l\000\040\000A\000d\000a\000p\000t\000i\000v\000e\000\040\000G\000r\000a\000p\000h\000\040\000A\000t\000t\000e\000n\000t\000i\000o\000n\000\040\000D\000e\000s\000i\000g\000n}{subsection.3.3}% 11
\BOOKMARK [3][-]{subsubsection.3.3.2}{\376\377\000M\000u\000l\000t\000i\000-\000s\000c\000a\000l\000e\000\040\000F\000e\000a\000t\000u\000r\000e\000\040\000I\000n\000t\000e\000g\000r\000a\000t\000i\000o\000n}{subsection.3.3}% 12
\BOOKMARK [3][-]{subsubsection.3.3.3}{\376\377\000P\000r\000o\000g\000r\000e\000s\000s\000i\000v\000e\000\040\000R\000e\000f\000i\000n\000e\000m\000e\000n\000t\000\040\000M\000e\000c\000h\000a\000n\000i\000s\000m}{subsection.3.3}% 13
\BOOKMARK [2][-]{subsection.3.4}{\376\377\000O\000p\000t\000i\000m\000i\000z\000a\000t\000i\000o\000n}{section.3}% 14
\BOOKMARK [2][-]{subsection.3.5}{\376\377\000T\000r\000a\000i\000n\000i\000n\000g\000\040\000D\000e\000t\000a\000i\000l\000s\000\040\000a\000n\000d\000\040\000I\000m\000p\000l\000e\000m\000e\000n\000t\000a\000t\000i\000o\000n}{section.3}% 15
\BOOKMARK [3][-]{subsubsection.3.5.1}{\376\377\000B\000a\000t\000c\000h\000\040\000P\000r\000o\000c\000e\000s\000s\000i\000n\000g}{subsection.3.5}% 16
\BOOKMARK [3][-]{subsubsection.3.5.2}{\376\377\000T\000r\000a\000i\000n\000i\000n\000g\000\040\000S\000t\000r\000a\000t\000e\000g\000y}{subsection.3.5}% 17
\BOOKMARK [3][-]{subsubsection.3.5.3}{\376\377\000M\000o\000d\000e\000l\000\040\000C\000o\000m\000p\000l\000e\000x\000i\000t\000y\000\040\000A\000n\000a\000l\000y\000s\000i\000s}{subsection.3.5}% 18
\BOOKMARK [2][-]{subsection.3.6}{\376\377\000D\000a\000t\000a\000\040\000P\000r\000e\000p\000r\000o\000c\000e\000s\000s\000i\000n\000g\000\040\000a\000n\000d\000\040\000E\000x\000p\000e\000r\000i\000m\000e\000n\000t\000a\000l\000\040\000S\000e\000t\000u\000p}{section.3}% 19
\BOOKMARK [3][-]{subsubsection.3.6.1}{\376\377\000D\000a\000t\000a\000\040\000C\000o\000l\000l\000e\000c\000t\000i\000o\000n\000\040\000a\000n\000d\000\040\000P\000r\000e\000p\000r\000o\000c\000e\000s\000s\000i\000n\000g}{subsection.3.6}% 20
\BOOKMARK [3][-]{subsubsection.3.6.2}{\376\377\000V\000i\000s\000u\000a\000l\000i\000z\000a\000t\000i\000o\000n\000\040\000a\000n\000d\000\040\000A\000n\000a\000l\000y\000s\000i\000s\000\040\000T\000o\000o\000l\000s}{subsection.3.6}% 21
\BOOKMARK [2][-]{subsection.3.7}{\376\377\000E\000v\000a\000l\000u\000a\000t\000i\000o\000n\000\040\000M\000e\000t\000h\000o\000d\000o\000l\000o\000g\000y}{section.3}% 22
\BOOKMARK [3][-]{subsubsection.3.7.1}{\376\377\000M\000e\000t\000r\000i\000c\000s\000\040\000a\000n\000d\000\040\000E\000v\000a\000l\000u\000a\000t\000i\000o\000n\000\040\000P\000r\000o\000t\000o\000c\000o\000l}{subsection.3.7}% 23
\BOOKMARK [3][-]{subsubsection.3.7.2}{\376\377\000V\000i\000s\000u\000a\000l\000i\000z\000a\000t\000i\000o\000n\000\040\000F\000r\000a\000m\000e\000w\000o\000r\000k}{subsection.3.7}% 24
\BOOKMARK [1][-]{section.4}{\376\377\000R\000e\000s\000u\000l\000t\000s\000\040\000a\000n\000d\000\040\000D\000i\000s\000c\000u\000s\000s\000i\000o\000n}{}% 25
\BOOKMARK [2][-]{subsection.4.1}{\376\377\000O\000v\000e\000r\000a\000l\000l\000\040\000P\000e\000r\000f\000o\000r\000m\000a\000n\000c\000e}{section.4}% 26
\BOOKMARK [2][-]{subsection.4.2}{\376\377\000A\000b\000l\000a\000t\000i\000o\000n\000\040\000S\000t\000u\000d\000y\000\040\000A\000n\000a\000l\000y\000s\000i\000s}{section.4}% 27
\BOOKMARK [2][-]{subsection.4.3}{\376\377\000C\000o\000m\000p\000u\000t\000a\000t\000i\000o\000n\000a\000l\000\040\000E\000f\000f\000i\000c\000i\000e\000n\000c\000y}{section.4}% 28
\BOOKMARK [2][-]{subsection.4.4}{\376\377\000V\000i\000s\000u\000a\000l\000i\000z\000a\000t\000i\000o\000n\000\040\000A\000n\000a\000l\000y\000s\000i\000s}{section.4}% 29
\BOOKMARK [3][-]{subsubsection.4.4.1}{\376\377\000A\000t\000t\000e\000n\000t\000i\000o\000n\000\040\000P\000a\000t\000t\000e\000r\000n\000\040\000A\000n\000a\000l\000y\000s\000i\000s}{subsection.4.4}% 30
\BOOKMARK [3][-]{subsubsection.4.4.2}{\376\377\000P\000r\000e\000d\000i\000c\000t\000i\000o\000n\000\040\000U\000n\000c\000e\000r\000t\000a\000i\000n\000t\000y\000\040\000V\000i\000s\000u\000a\000l\000i\000z\000a\000t\000i\000o\000n}{subsection.4.4}% 31
\BOOKMARK [3][-]{subsubsection.4.4.3}{\376\377\000T\000r\000a\000i\000n\000i\000n\000g\000\040\000D\000y\000n\000a\000m\000i\000c\000s}{subsection.4.4}% 32
\BOOKMARK [3][-]{subsubsection.4.4.4}{\376\377\000R\000e\000g\000i\000o\000n\000a\000l\000\040\000P\000e\000r\000f\000o\000r\000m\000a\000n\000c\000e\000\040\000A\000n\000a\000l\000y\000s\000i\000s}{subsection.4.4}% 33
\BOOKMARK [2][-]{subsection.4.5}{\376\377\000R\000e\000a\000l\000-\000W\000o\000r\000l\000d\000\040\000I\000m\000p\000a\000c\000t\000\040\000A\000n\000a\000l\000y\000s\000i\000s}{section.4}% 34
\BOOKMARK [3][-]{subsubsection.4.5.1}{\376\377\000H\000e\000a\000l\000t\000h\000c\000a\000r\000e\000\040\000R\000e\000s\000o\000u\000r\000c\000e\000\040\000O\000p\000t\000i\000m\000i\000z\000a\000t\000i\000o\000n}{subsection.4.5}% 35
\BOOKMARK [3][-]{subsubsection.4.5.2}{\376\377\000E\000a\000r\000l\000y\000\040\000W\000a\000r\000n\000i\000n\000g\000\040\000C\000a\000p\000a\000b\000i\000l\000i\000t\000i\000e\000s}{subsection.4.5}% 36
\BOOKMARK [3][-]{subsubsection.4.5.3}{\376\377\000D\000e\000p\000l\000o\000y\000m\000e\000n\000t\000\040\000C\000o\000n\000s\000i\000d\000e\000r\000a\000t\000i\000o\000n\000s}{subsection.4.5}% 37
\BOOKMARK [2][-]{subsection.4.6}{\376\377\000C\000o\000m\000p\000a\000r\000a\000t\000i\000v\000e\000\040\000M\000o\000d\000e\000l\000\040\000A\000n\000a\000l\000y\000s\000i\000s}{section.4}% 38
\BOOKMARK [3][-]{subsubsection.4.6.1}{\376\377\000P\000e\000r\000f\000o\000r\000m\000a\000n\000c\000e\000\040\000b\000y\000\040\000D\000a\000t\000a\000\040\000C\000h\000a\000r\000a\000c\000t\000e\000r\000i\000s\000t\000i\000c\000s}{subsection.4.6}% 39
\BOOKMARK [3][-]{subsubsection.4.6.2}{\376\377\000C\000o\000m\000p\000u\000t\000a\000t\000i\000o\000n\000a\000l\000\040\000R\000e\000s\000o\000u\000r\000c\000e\000\040\000A\000n\000a\000l\000y\000s\000i\000s}{subsection.4.6}% 40
\BOOKMARK [2][-]{subsection.4.7}{\376\377\000C\000a\000s\000e\000\040\000S\000t\000u\000d\000y\000\040\000A\000n\000a\000l\000y\000s\000i\000s}{section.4}% 41
\BOOKMARK [3][-]{subsubsection.4.7.1}{\376\377\000U\000r\000b\000a\000n\000\040\000H\000o\000s\000p\000i\000t\000a\000l\000\040\000N\000e\000t\000w\000o\000r\000k\000\040\000P\000l\000a\000n\000n\000i\000n\000g}{subsection.4.7}% 42
\BOOKMARK [3][-]{subsubsection.4.7.2}{\376\377\000R\000e\000g\000i\000o\000n\000a\000l\000\040\000O\000u\000t\000b\000r\000e\000a\000k\000\040\000M\000a\000n\000a\000g\000e\000m\000e\000n\000t}{subsection.4.7}% 43
\BOOKMARK [1][-]{section.5}{\376\377\000C\000o\000n\000c\000l\000u\000s\000i\000o\000n\000\040\000a\000n\000d\000\040\000F\000u\000t\000u\000r\000e\000\040\000W\000o\000r\000k}{}% 44
\BOOKMARK [1][-]{section*.7}{\376\377\000R\000e\000f\000e\000r\000e\000n\000c\000e\000s}{}% 45
