\BOOKMARK [0][-]{chapter.1}{\376\377\000E\000x\000e\000c\000u\000t\000i\000v\000e\000\040\000S\000u\000m\000m\000a\000r\000y}{}% 1
\BOOKMARK [1][-]{section.1.1}{\376\377\000K\000e\000y\000\040\000O\000b\000j\000e\000c\000t\000i\000v\000e\000s}{chapter.1}% 2
\BOOKMARK [1][-]{section.1.2}{\376\377\000C\000o\000r\000e\000\040\000T\000e\000c\000h\000n\000o\000l\000o\000g\000y\000\040\000S\000t\000a\000c\000k}{chapter.1}% 3
\BOOKMARK [1][-]{section.1.3}{\376\377\000M\000o\000d\000u\000l\000e\000\040\000S\000t\000r\000u\000c\000t\000u\000r\000e}{chapter.1}% 4
\BOOKMARK [1][-]{section.1.4}{\376\377\000I\000m\000p\000l\000e\000m\000e\000n\000t\000a\000t\000i\000o\000n\000\040\000A\000p\000p\000r\000o\000a\000c\000h}{chapter.1}% 5
\BOOKMARK [1][-]{section.1.5}{\376\377\000E\000x\000p\000e\000c\000t\000e\000d\000\040\000B\000e\000n\000e\000f\000i\000t\000s}{chapter.1}% 6
\BOOKMARK [0][-]{chapter.2}{\376\377\000S\000y\000s\000t\000e\000m\000\040\000A\000r\000c\000h\000i\000t\000e\000c\000t\000u\000r\000e\000\040\000O\000v\000e\000r\000v\000i\000e\000w}{}% 7
\BOOKMARK [1][-]{section.2.1}{\376\377\000H\000i\000g\000h\000-\000L\000e\000v\000e\000l\000\040\000A\000r\000c\000h\000i\000t\000e\000c\000t\000u\000r\000e}{chapter.2}% 8
\BOOKMARK [1][-]{section.2.2}{\376\377\000C\000o\000m\000p\000l\000e\000t\000e\000\040\000M\000o\000d\000u\000l\000e\000\040\000S\000t\000r\000u\000c\000t\000u\000r\000e}{chapter.2}% 9
\BOOKMARK [1][-]{section.2.3}{\376\377\000S\000y\000s\000t\000e\000m\000\040\000I\000n\000t\000e\000r\000a\000c\000t\000i\000o\000n\000\040\000F\000l\000o\000w}{chapter.2}% 10
\BOOKMARK [0][-]{chapter.3}{\376\377\000I\000m\000p\000l\000e\000m\000e\000n\000t\000a\000t\000i\000o\000n\000\040\000R\000o\000a\000d\000m\000a\000p}{}% 11
\BOOKMARK [1][-]{section.3.1}{\376\377\000P\000h\000a\000s\000e\000d\000\040\000I\000m\000p\000l\000e\000m\000e\000n\000t\000a\000t\000i\000o\000n\000\040\000S\000t\000r\000a\000t\000e\000g\000y}{chapter.3}% 12
\BOOKMARK [1][-]{section.3.2}{\376\377\000I\000n\000i\000t\000i\000a\000l\000\040\000M\000V\000P\000\040\000I\000m\000p\000l\000e\000m\000e\000n\000t\000a\000t\000i\000o\000n}{chapter.3}% 13
\BOOKMARK [1][-]{section.3.3}{\376\377\000D\000e\000t\000a\000i\000l\000e\000d\000\040\000P\000h\000a\000s\000e\000\040\000R\000o\000a\000d\000m\000a\000p}{chapter.3}% 14
\BOOKMARK [2][-]{subsection.3.3.1}{\376\377\000P\000h\000a\000s\000e\000\040\0001\000:\000\040\000R\000e\000q\000u\000i\000r\000e\000m\000e\000n\000t\000s\000\040\000\046\000\040\000D\000e\000s\000i\000g\000n\000\040\000\050\000W\000e\000e\000k\000s\000\040\0001\000-\0002\000\051}{section.3.3}% 15
\BOOKMARK [2][-]{subsection.3.3.2}{\376\377\000P\000h\000a\000s\000e\000\040\0002\000:\000\040\000I\000n\000i\000t\000i\000a\000l\000\040\000S\000e\000t\000u\000p\000\040\000a\000n\000d\000\040\000C\000I\000/\000C\000D\000\040\000\050\000W\000e\000e\000k\000\040\0003\000\051}{section.3.3}% 16
\BOOKMARK [2][-]{subsection.3.3.3}{\376\377\000P\000h\000a\000s\000e\000\040\0003\000:\000\040\000C\000o\000r\000e\000\040\000B\000a\000c\000k\000e\000n\000d\000\040\000D\000e\000v\000e\000l\000o\000p\000m\000e\000n\000t\000\040\000\050\000W\000e\000e\000k\000s\000\040\0004\000-\0006\000\051}{section.3.3}% 17
\BOOKMARK [2][-]{subsection.3.3.4}{\376\377\000P\000h\000a\000s\000e\000\040\0004\000:\000\040\000C\000o\000r\000e\000\040\000F\000r\000o\000n\000t\000e\000n\000d\000\040\000D\000e\000v\000e\000l\000o\000p\000m\000e\000n\000t\000\040\000\050\000W\000e\000e\000k\000s\000\040\0005\000-\0007\000\051}{section.3.3}% 18
\BOOKMARK [2][-]{subsection.3.3.5}{\376\377\000P\000h\000a\000s\000e\000\040\0005\000:\000\040\000F\000e\000a\000t\000u\000r\000e\000\040\000D\000e\000v\000e\000l\000o\000p\000m\000e\000n\000t\000\040\000\050\000W\000e\000e\000k\000s\000\040\0008\000-\0001\0001\000\051}{section.3.3}% 19
\BOOKMARK [2][-]{subsection.3.3.6}{\376\377\000P\000h\000a\000s\000e\000\040\0006\000:\000\040\000A\000I\000\040\000F\000e\000a\000t\000u\000r\000e\000s\000\040\000I\000n\000t\000e\000g\000r\000a\000t\000i\000o\000n\000\040\000\050\000W\000e\000e\000k\000s\000\040\0001\0002\000-\0001\0004\000\051}{section.3.3}% 20
\BOOKMARK [2][-]{subsection.3.3.7}{\376\377\000P\000h\000a\000s\000e\000\040\0007\000:\000\040\000O\000f\000f\000l\000i\000n\000e\000\040\000M\000o\000d\000e\000\040\000a\000n\000d\000\040\000P\000W\000A\000\040\000\050\000W\000e\000e\000k\000s\000\040\0001\0005\000-\0001\0006\000\051}{section.3.3}% 21
\BOOKMARK [2][-]{subsection.3.3.8}{\376\377\000P\000h\000a\000s\000e\000\040\0008\000:\000\040\000T\000e\000s\000t\000i\000n\000g\000\040\000\046\000\040\000Q\000u\000a\000l\000i\000t\000y\000\040\000A\000s\000s\000u\000r\000a\000n\000c\000e\000\040\000\050\000W\000e\000e\000k\000\040\0001\0007\000\051}{section.3.3}% 22
\BOOKMARK [2][-]{subsection.3.3.9}{\376\377\000P\000h\000a\000s\000e\000\040\0009\000:\000\040\000D\000e\000p\000l\000o\000y\000m\000e\000n\000t\000\040\000\046\000\040\000L\000a\000u\000n\000c\000h\000\040\000\050\000W\000e\000e\000k\000\040\0001\0008\000\051}{section.3.3}% 23
\BOOKMARK [2][-]{subsection.3.3.10}{\376\377\000P\000h\000a\000s\000e\000\040\0001\0000\000:\000\040\000P\000o\000s\000t\000-\000L\000a\000u\000n\000c\000h\000\040\000S\000u\000p\000p\000o\000r\000t\000\040\000\050\000W\000e\000e\000k\000\040\0001\0009\000+\000\051}{section.3.3}% 24
\BOOKMARK [0][-]{chapter.4}{\376\377\000T\000e\000c\000h\000n\000i\000c\000a\000l\000\040\000I\000m\000p\000l\000e\000m\000e\000n\000t\000a\000t\000i\000o\000n\000\040\000D\000e\000t\000a\000i\000l\000s}{}% 25
\BOOKMARK [1][-]{section.4.1}{\376\377\000I\000n\000i\000t\000i\000a\000l\000\040\000M\000V\000P\000\040\000I\000m\000p\000l\000e\000m\000e\000n\000t\000a\000t\000i\000o\000n\000\040\000D\000e\000t\000a\000i\000l\000s}{chapter.4}% 26
\BOOKMARK [2][-]{subsection.4.1.1}{\376\377\000C\000o\000r\000e\000\040\000M\000V\000P\000\040\000M\000o\000d\000u\000l\000e\000s}{section.4.1}% 27
\BOOKMARK [2][-]{subsection.4.1.2}{\376\377\000M\000V\000P\000\040\000D\000a\000t\000a\000b\000a\000s\000e\000\040\000S\000c\000h\000e\000m\000a}{section.4.1}% 28
\BOOKMARK [1][-]{section.4.2}{\376\377\000F\000r\000o\000n\000t\000e\000n\000d\000\040\000T\000e\000c\000h\000n\000i\000c\000a\000l\000\040\000S\000t\000a\000c\000k}{chapter.4}% 29
\BOOKMARK [2][-]{subsection.4.2.1}{\376\377\000C\000o\000r\000e\000\040\000T\000e\000c\000h\000n\000o\000l\000o\000g\000i\000e\000s}{section.4.2}% 30
\BOOKMARK [2][-]{subsection.4.2.2}{\376\377\000F\000r\000o\000n\000t\000e\000n\000d\000\040\000O\000r\000g\000a\000n\000i\000z\000a\000t\000i\000o\000n}{section.4.2}% 31
\BOOKMARK [1][-]{section.4.3}{\376\377\000B\000a\000c\000k\000e\000n\000d\000\040\000T\000e\000c\000h\000n\000i\000c\000a\000l\000\040\000S\000t\000a\000c\000k}{chapter.4}% 32
\BOOKMARK [2][-]{subsection.4.3.1}{\376\377\000C\000o\000r\000e\000\040\000T\000e\000c\000h\000n\000o\000l\000o\000g\000i\000e\000s}{section.4.3}% 33
\BOOKMARK [2][-]{subsection.4.3.2}{\376\377\000B\000a\000c\000k\000e\000n\000d\000\040\000O\000r\000g\000a\000n\000i\000z\000a\000t\000i\000o\000n}{section.4.3}% 34
\BOOKMARK [1][-]{section.4.4}{\376\377\000D\000a\000t\000a\000b\000a\000s\000e\000\040\000S\000c\000h\000e\000m\000a\000s}{chapter.4}% 35
\BOOKMARK [2][-]{subsection.4.4.1}{\376\377\000P\000o\000s\000t\000g\000r\000e\000S\000Q\000L\000\040\000E\000n\000t\000i\000t\000y\000\040\000R\000e\000l\000a\000t\000i\000o\000n\000s\000h\000i\000p\000s}{section.4.4}% 36
\BOOKMARK [2][-]{subsection.4.4.2}{\376\377\000M\000o\000n\000g\000o\000D\000B\000\040\000C\000o\000l\000l\000e\000c\000t\000i\000o\000n\000s}{section.4.4}% 37
\BOOKMARK [1][-]{section.4.5}{\376\377\000A\000P\000I\000\040\000D\000e\000s\000i\000g\000n}{chapter.4}% 38
\BOOKMARK [2][-]{subsection.4.5.1}{\376\377\000R\000E\000S\000T\000f\000u\000l\000\040\000E\000n\000d\000p\000o\000i\000n\000t\000s}{section.4.5}% 39
\BOOKMARK [2][-]{subsection.4.5.2}{\376\377\000A\000u\000t\000h\000e\000n\000t\000i\000c\000a\000t\000i\000o\000n\000\040\000F\000l\000o\000w}{section.4.5}% 40
\BOOKMARK [1][-]{section.4.6}{\376\377\000A\000z\000u\000r\000e\000\040\000C\000l\000o\000u\000d\000\040\000A\000r\000c\000h\000i\000t\000e\000c\000t\000u\000r\000e}{chapter.4}% 41
\BOOKMARK [2][-]{subsection.4.6.1}{\376\377\000C\000o\000n\000t\000a\000i\000n\000e\000r\000i\000z\000a\000t\000i\000o\000n\000\040\000S\000t\000r\000a\000t\000e\000g\000y}{section.4.6}% 42
\BOOKMARK [2][-]{subsection.4.6.2}{\376\377\000A\000z\000u\000r\000e\000\040\000R\000e\000s\000o\000u\000r\000c\000e\000s}{section.4.6}% 43
\BOOKMARK [2][-]{subsection.4.6.3}{\376\377\000D\000e\000p\000l\000o\000y\000m\000e\000n\000t\000\040\000P\000i\000p\000e\000l\000i\000n\000e}{section.4.6}% 44
\BOOKMARK [0][-]{chapter.5}{\376\377\000U\000s\000e\000r\000\040\000W\000o\000r\000k\000f\000l\000o\000w\000s}{}% 45
\BOOKMARK [1][-]{section.5.1}{\376\377\000T\000e\000a\000c\000h\000e\000r\000\040\000W\000o\000r\000k\000f\000l\000o\000w\000s}{chapter.5}% 46
\BOOKMARK [2][-]{subsection.5.1.1}{\376\377\000A\000t\000t\000e\000n\000d\000a\000n\000c\000e\000\040\000T\000r\000a\000c\000k\000i\000n\000g\000\040\000W\000o\000r\000k\000f\000l\000o\000w}{section.5.1}% 47
\BOOKMARK [2][-]{subsection.5.1.2}{\376\377\000G\000r\000a\000d\000e\000\040\000E\000n\000t\000r\000y\000\040\000W\000o\000r\000k\000f\000l\000o\000w}{section.5.1}% 48
\BOOKMARK [1][-]{section.5.2}{\376\377\000A\000d\000m\000i\000n\000i\000s\000t\000r\000a\000t\000o\000r\000\040\000W\000o\000r\000k\000f\000l\000o\000w\000s}{chapter.5}% 49
\BOOKMARK [2][-]{subsection.5.2.1}{\376\377\000S\000t\000u\000d\000e\000n\000t\000\040\000R\000e\000g\000i\000s\000t\000r\000a\000t\000i\000o\000n\000\040\000W\000o\000r\000k\000f\000l\000o\000w}{section.5.2}% 50
\BOOKMARK [2][-]{subsection.5.2.2}{\376\377\000R\000e\000p\000o\000r\000t\000\040\000G\000e\000n\000e\000r\000a\000t\000i\000o\000n\000\040\000W\000o\000r\000k\000f\000l\000o\000w}{section.5.2}% 51
\BOOKMARK [1][-]{section.5.3}{\376\377\000P\000a\000r\000e\000n\000t\000\040\000W\000o\000r\000k\000f\000l\000o\000w\000s}{chapter.5}% 52
\BOOKMARK [2][-]{subsection.5.3.1}{\376\377\000P\000a\000r\000e\000n\000t\000\040\000R\000e\000g\000i\000s\000t\000r\000a\000t\000i\000o\000n\000\040\000a\000n\000d\000\040\000C\000h\000i\000l\000d\000\040\000L\000i\000n\000k\000i\000n\000g\000\040\000W\000o\000r\000k\000f\000l\000o\000w}{section.5.3}% 53
\BOOKMARK [2][-]{subsection.5.3.2}{\376\377\000P\000a\000r\000e\000n\000t\000\040\000M\000o\000n\000i\000t\000o\000r\000i\000n\000g\000\040\000C\000h\000i\000l\000d\000'\000s\000\040\000P\000r\000o\000g\000r\000e\000s\000s\000\040\000W\000o\000r\000k\000f\000l\000o\000w}{section.5.3}% 54
